Process:         ft_retro [58216]
Path:            /Users/etugoluk/Desktop/rush00/rush00/ft_retro
Load Address:    0x10de03000
Identifier:      ft_retro
Version:         ???
Code Type:       X86-64
Parent Process:  zsh [50257]

Date/Time:       2018-10-07 19:37:12.168 +0300
Launch Time:     2018-10-07 19:36:04.625 +0300
OS Version:      Mac OS X 10.13.3 (17D47)
Report Version:  7
Analysis Tool:   /Applications/Xcode.app/Contents/Developer/usr/bin/leaks
Analysis Tool Version:  Xcode 9.2 (9C40b)
----

leaks Report Version:  2.0
Process 58216: 847 nodes malloced for 2086 KB
Process 58216: 126 leaks for 8064 total leaked bytes.
Leak: 0x7ff887402cd0  size=64  zone: DefaultMallocZone_0x10de13000   Enemy  C++  ft_retro
	0x0de0d1b0 0x00000001 0x00000034 0x00000000 	........4.......
	0x87700000 0x00007ff8 0x00000000 0x00000000 	..p.............
	0x00000000 0x00000000 0x00000000 0x00000001 	................
	0x00000000 0x00000000 0x00000000 0x00000000 	................
Leak: 0x7ff887402d10  size=64  zone: DefaultMallocZone_0x10de13000   Enemy  C++  ft_retro
	0x0de0d1b0 0x00000001 0x0000002e 0x0000000a 	................
	0x874042b0 0x00007ff8 0x00000000 0x00000000 	.B@.............
	0x00000000 0x00000000 0x00000000 0x00000001 	................
	0x00000000 0x00000000 0x00000000 0x00000000 	................
Leak: 0x7ff887402d50  size=64  zone: DefaultMallocZone_0x10de13000   Enemy  C++  ft_retro
	0x0de0d1b0 0x00000001 0x00000016 0x00000014 	................
	0x87600070 0x00007ff8 0x00000000 0x00000000 	p.`.............
	0x00000000 0x00000000 0x00000000 0x00000001 	................
	0x00000000 0x00000000 0x00000000 0x00000000 	................
Leak: 0x7ff887402d90  size=64  zone: DefaultMallocZone_0x10de13000   Enemy  C++  ft_retro
	0x0de0d1b0 0x00000001 0x00000012 0x0000001e 	................
	0x87600250 0x00007ff8 0x00000000 0x00000000 	P.`.............
	0x00000000 0x00000000 0x00000000 0x00000001 	................
	0x00000000 0x00000000 0x00000000 0x00000000 	................
Leak: 0x7ff887402dd0  size=64  zone: DefaultMallocZone_0x10de13000   Enemy  C++  ft_retro
	0x0de0d1b0 0x00000001 0x00000006 0x00000028 	............(...
	0x00000000 0x00000000 0x00000000 0x00000000 	................
	0x00000000 0x00000000 0x00000000 0x00000001 	................
	0x00000000 0x00000000 0x00000000 0x00000000 	................
Leak: 0x7ff887402e10  size=64  zone: DefaultMallocZone_0x10de13000   Enemy  C++  ft_retro
	0x0de0d1b0 0x00000001 0x0000001e 0x00000032 	............2...
	0x87700000 0x00007ff8 0x00000000 0x00000000 	..p.............
	0x00000000 0x00000000 0x00000000 0x00000001 	................
	0x00000000 0x00000000 0x00000000 0x00000000 	................
Leak: 0x7ff887402e50  size=64  zone: DefaultMallocZone_0x10de13000   Enemy  C++  ft_retro
	0x0de0d1b0 0x00000001 0x0000000b 0x0000003c 	............<...
	0x875001f0 0x00007ff8 0x00000000 0x00000000 	..P.............
	0x00000000 0x00000000 0x00000000 0x00000001 	................
	0x00000000 0x00000000 0x00000000 0x00000000 	................
Leak: 0x7ff887402e90  size=64  zone: DefaultMallocZone_0x10de13000   Enemy  C++  ft_retro
	0x0de0d1b0 0x00000001 0x00000027 0x00000046 	........'...F...
	0x00000000 0x00000000 0x00000000 0x00000000 	................
	0x00000000 0x00000000 0x00000000 0x00000001 	................
	0x00000000 0x00000000 0x00000000 0x00000000 	................
Leak: 0x7ff887402ed0  size=64  zone: DefaultMallocZone_0x10de13000   Enemy  C++  ft_retro
	0x0de0d1b0 0x00000001 0x0000000d 0x00000050 	............P...
	0x87600060 0x00007ff8 0x00000000 0x00000000 	`.`.............
	0x00000000 0x00000000 0x00000000 0x00000001 	................
	0x00000000 0x00000000 0x00000000 0x00000000 	................
Leak: 0x7ff887402f10  size=64  zone: DefaultMallocZone_0x10de13000   Enemy  C++  ft_retro
	0x0de0d1b0 0x00000001 0x00000024 0x0000005a 	........$...Z...
	0x00000000 0x00000000 0x00000000 0x00000000 	................
	0x00000000 0x00000000 0x00000000 0x00000001 	................
	0x00000000 0x00000000 0x00000000 0x00000000 	................
Leak: 0x7ff887402f50  size=64  zone: DefaultMallocZone_0x10de13000   Enemy  C++  ft_retro
	0x0de0d1b0 0x00000001 0x00000032 0x00000064 	........2...d...
	0x874042b0 0x00007ff8 0x00000000 0x00000000 	.B@.............
	0x00000000 0x00000000 0x00000000 0x00000001 	................
	0x00000000 0x00000000 0x00000000 0x00000000 	................
Leak: 0x7ff887402f90  size=64  zone: DefaultMallocZone_0x10de13000   Enemy  C++  ft_retro
	0x0de0d1b0 0x00000001 0x00000039 0x0000006e 	........9...n...
	0x00000000 0x00000000 0x00000000 0x00000000 	................
	0x00000000 0x00000000 0x00000000 0x00000001 	................
	0x00000000 0x00000000 0x00000000 0x00000000 	................
Leak: 0x7ff887402fd0  size=64  zone: DefaultMallocZone_0x10de13000   Enemy  C++  ft_retro
	0x0de0d1b0 0x00000001 0x0000000f 0x00000078 	............x...
	0x00000000 0x00000000 0x00000000 0x00000000 	................
	0x00000000 0x00000000 0x00000000 0x00000001 	................
	0x00000000 0x00000000 0x00000000 0x00000000 	................
Leak: 0x7ff887403010  size=64  zone: DefaultMallocZone_0x10de13000   Enemy  C++  ft_retro
	0x0de0d1b0 0x00000001 0x00000002 0x00000082 	................
	0x00000000 0x00000000 0x00000000 0x00000000 	................
	0x00000000 0x00000000 0x00000000 0x00000001 	................
	0x00000000 0x00000000 0x00000000 0x00000000 	................
Leak: 0x7ff887403050  size=64  zone: DefaultMallocZone_0x10de13000   Enemy  C++  ft_retro
	0x0de0d1b0 0x00000001 0x0000003b 0x0000008c 	........;.......
	0x87600070 0x00007ff8 0x00000000 0x00000000 	p.`.............
	0x00000000 0x00000000 0x00000000 0x00000001 	................
	0x00000000 0x00000000 0x00000000 0x00000000 	................
Leak: 0x7ff887403090  size=64  zone: DefaultMallocZone_0x10de13000   Enemy  C++  ft_retro
	0x0de0d1b0 0x00000001 0x00000025 0x00000096 	........%.......
	0x00000000 0x00000000 0x00000000 0x00000000 	................
	0x00000000 0x00000000 0x00000000 0x00000001 	................
	0x00000000 0x00000000 0x00000000 0x00000000 	................
Leak: 0x7ff8874030d0  size=64  zone: DefaultMallocZone_0x10de13000   Enemy  C++  ft_retro
	0x0de0d1b0 0x00000001 0x00000020 0x000000a0 	........ .......
	0x87600060 0x00007ff8 0x00000000 0x00000000 	`.`.............
	0x00000000 0x00000000 0x00000000 0x00000001 	................
	0x00000000 0x00000000 0x00000000 0x00000000 	................
Leak: 0x7ff887403110  size=64  zone: DefaultMallocZone_0x10de13000   Enemy  C++  ft_retro
	0x0de0d1b0 0x00000001 0x00000035 0x000000aa 	........5.......
	0x00000000 0x00000000 0x00000000 0x00000000 	................
	0x00000000 0x00000000 0x00000000 0x00000001 	................
	0x00000000 0x00000000 0x00000000 0x00000000 	................
Leak: 0x7ff887403150  size=64  zone: DefaultMallocZone_0x10de13000   Enemy  C++  ft_retro
	0x0de0d1b0 0x00000001 0x0000001d 0x000000b4 	................
	0x00000000 0x00000000 0x00000000 0x00000000 	................
	0x00000000 0x00000000 0x00000000 0x00000001 	................
	0x00000000 0x00000000 0x00000000 0x00000000 	................
Leak: 0x7ff887403190  size=64  zone: DefaultMallocZone_0x10de13000   Enemy  C++  ft_retro
	0x0de0d1b0 0x00000001 0x0000002d 0x000000be 	........-.......
	0x00000000 0x00000000 0x00000000 0x00000000 	................
	0x00000000 0x00000000 0x00000000 0x00000001 	................
	0x00000000 0x00000000 0x00000000 0x00000000 	................
Leak: 0x7ff8874031d0  size=64  zone: DefaultMallocZone_0x10de13000   Enemy  C++  ft_retro
	0x0de0d1b0 0x00000001 0x00000026 0x000000c5 	........&.......
	0x00000000 0x00000000 0x00000000 0x00000000 	................
	0x00000000 0x00000000 0x00000000 0x00000000 	................
	0x00000000 0x00000000 0x00000000 0x00000000 	................
Leak: 0x7ff887403210  size=64  zone: DefaultMallocZone_0x10de13000   Enemy  C++  ft_retro
	0x0de0d1b0 0x00000001 0x00000007 0x000000c5 	................
	0x00000000 0x00000000 0x00000000 0x00000000 	................
	0x00000000 0x00000000 0x00000000 0x00000000 	................
	0x00000000 0x00000000 0x00000000 0x00000000 	................
Leak: 0x7ff887403250  size=64  zone: DefaultMallocZone_0x10de13000   Enemy  C++  ft_retro
	0x0de0d1b0 0x00000001 0x00000004 0x000000c5 	................
	0x00000000 0x00000000 0x00000000 0x00000000 	................
	0x00000000 0x00000000 0x00000000 0x00000000 	................
	0x00000000 0x00000000 0x00000000 0x00000000 	................
Leak: 0x7ff887403290  size=64  zone: DefaultMallocZone_0x10de13000   Enemy  C++  ft_retro
	0x0de0d1b0 0x00000001 0x0000000e 0x000000c5 	................
	0x00000000 0x00000000 0x00000000 0x00000000 	................
	0x00000000 0x00000000 0x00000000 0x00000000 	................
	0x00000000 0x00000000 0x00000000 0x00000000 	................
Leak: 0x7ff8874032d0  size=64  zone: DefaultMallocZone_0x10de13000   Enemy  C++  ft_retro
	0x0de0d1b0 0x00000001 0x00000018 0x000000c5 	................
	0x00000000 0x00000000 0x00000000 0x00000000 	................
	0x00000000 0x00000000 0x00000000 0x00000000 	................
	0x00000000 0x00000000 0x00000000 0x00000000 	................
Leak: 0x7ff887403310  size=64  zone: DefaultMallocZone_0x10de13000   Enemy  C++  ft_retro
	0x0de0d1b0 0x00000001 0x00000013 0x000000c5 	................
	0x00000000 0x00000000 0x00000000 0x00000000 	................
	0x00000000 0x00000000 0x00000000 0x00000000 	................
	0x00000000 0x00000000 0x00000000 0x00000000 	................
Leak: 0x7ff887403350  size=64  zone: DefaultMallocZone_0x10de13000   Enemy  C++  ft_retro
	0x0de0d1b0 0x00000001 0x00000003 0x000000c5 	................
	0x00000000 0x00000000 0x00000000 0x00000000 	................
	0x00000000 0x00000000 0x00000000 0x00000000 	................
	0x00000000 0x00000000 0x00000000 0x00000000 	................
Leak: 0x7ff887403390  size=64  zone: DefaultMallocZone_0x10de13000   Enemy  C++  ft_retro
	0x0de0d1b0 0x00000001 0x0000001f 0x000000c5 	................
	0x00000000 0x00000000 0x00000000 0x00000000 	................
	0x00000000 0x00000000 0x00000000 0x00000000 	................
	0x00000000 0x00000000 0x00000000 0x00000000 	................
Leak: 0x7ff8874033d0  size=64  zone: DefaultMallocZone_0x10de13000   Enemy  C++  ft_retro
	0x0de0d1b0 0x00000001 0x00000033 0x000000c5 	........3.......
	0x00000000 0x00000000 0x00000000 0x00000000 	................
	0x00000000 0x00000000 0x00000000 0x00000000 	................
	0x00000000 0x00000000 0x00000000 0x00000000 	................
Leak: 0x7ff887403410  size=64  zone: DefaultMallocZone_0x10de13000   Enemy  C++  ft_retro
	0x0de0d1b0 0x00000001 0x0000001a 0x000000c5 	................
	0x00000000 0x00000000 0x00000000 0x00000000 	................
	0x00000000 0x00000000 0x00000000 0x00000000 	................
	0x00000000 0x00000000 0x00000000 0x00000000 	................
Leak: 0x7ff887403450  size=64  zone: DefaultMallocZone_0x10de13000   Enemy  C++  ft_retro
	0x0de0d1b0 0x00000001 0x00000022 0x000000c5 	........".......
	0x00000000 0x00000000 0x00000000 0x00000000 	................
	0x00000000 0x00000000 0x00000000 0x00000000 	................
	0x00000000 0x00000000 0x00000000 0x00000000 	................
Leak: 0x7ff887403490  size=64  zone: DefaultMallocZone_0x10de13000   Enemy  C++  ft_retro
	0x0de0d1b0 0x00000001 0x0000000c 0x000000c5 	................
	0x00000000 0x00000000 0x00000000 0x00000000 	................
	0x00000000 0x00000000 0x00000000 0x00000000 	................
	0x00000000 0x00000000 0x00000000 0x00000000 	................
Leak: 0x7ff8874034d0  size=64  zone: DefaultMallocZone_0x10de13000   Enemy  C++  ft_retro
	0x0de0d1b0 0x00000001 0x0000000a 0x000000c5 	................
	0x00000000 0x00000000 0x00000000 0x00000000 	................
	0x00000000 0x00000000 0x00000000 0x00000000 	................
	0x00000000 0x00000000 0x00000000 0x00000000 	................
Leak: 0x7ff887403510  size=64  zone: DefaultMallocZone_0x10de13000   Enemy  C++  ft_retro
	0x0de0d1b0 0x00000001 0x00000037 0x000000c5 	........7.......
	0x00000000 0x00000000 0x00000000 0x00000000 	................
	0x00000000 0x00000000 0x00000000 0x00000000 	................
	0x00000000 0x00000000 0x00000000 0x00000000 	................
Leak: 0x7ff887403550  size=64  zone: DefaultMallocZone_0x10de13000   Enemy  C++  ft_retro
	0x0de0d1b0 0x00000001 0x0000001c 0x000000c5 	................
	0x00000000 0x00000000 0x00000000 0x00000000 	................
	0x00000000 0x00000000 0x00000000 0x00000000 	................
	0x00000000 0x00000000 0x00000000 0x00000000 	................
Leak: 0x7ff887403590  size=64  zone: DefaultMallocZone_0x10de13000   Enemy  C++  ft_retro
	0x0de0d1b0 0x00000001 0x0000002b 0x000000c5 	........+.......
	0x00000000 0x00000000 0x00000000 0x00000000 	................
	0x00000000 0x00000000 0x00000000 0x00000000 	................
	0x00000000 0x00000000 0x00000000 0x00000000 	................
Leak: 0x7ff8874035d0  size=64  zone: DefaultMallocZone_0x10de13000   Enemy  C++  ft_retro
	0x0de0d1b0 0x00000001 0x00000030 0x000000c5 	........0.......
	0x00000000 0x00000000 0x00000000 0x00000000 	................
	0x00000000 0x00000000 0x00000000 0x00000000 	................
	0x00000000 0x00000000 0x00000000 0x00000000 	................
Leak: 0x7ff887403610  size=64  zone: DefaultMallocZone_0x10de13000   Enemy  C++  ft_retro
	0x0de0d1b0 0x00000001 0x00000008 0x000000c5 	................
	0x00000000 0x00000000 0x00000000 0x00000000 	................
	0x00000000 0x00000000 0x00000000 0x00000000 	................
	0x00000000 0x00000000 0x00000000 0x00000000 	................
Leak: 0x7ff887403650  size=64  zone: DefaultMallocZone_0x10de13000   Enemy  C++  ft_retro
	0x0de0d1b0 0x00000001 0x00000005 0x000000c5 	................
	0x00000000 0x00000000 0x00000000 0x00000000 	................
	0x00000000 0x00000000 0x00000000 0x00000000 	................
	0x00000000 0x00000000 0x00000000 0x00000000 	................
Leak: 0x7ff887403690  size=64  zone: DefaultMallocZone_0x10de13000   Enemy  C++  ft_retro
	0x0de0d1b0 0x00000001 0x00000011 0x000000c5 	................
	0x00000000 0x00000000 0x00000000 0x00000000 	................
	0x00000000 0x00000000 0x00000000 0x00000000 	................
	0x00000000 0x00000000 0x00000000 0x00000000 	................
Leak: 0x7ff8874036d0  size=64  zone: DefaultMallocZone_0x10de13000   Enemy  C++  ft_retro
	0x0de0d1b0 0x00000001 0x00000036 0x000000c5 	........6.......
	0x00000000 0x00000000 0x00000000 0x00000000 	................
	0x00000000 0x00000000 0x00000000 0x00000000 	................
	0x00000000 0x00000000 0x00000000 0x00000000 	................
Leak: 0x7ff887403710  size=64  zone: DefaultMallocZone_0x10de13000   Enemy  C++  ft_retro
	0x0de0d1b0 0x00000001 0x0000003a 0x000000c5 	........:.......
	0x00000000 0x00000000 0x00000000 0x00000000 	................
	0x00000000 0x00000000 0x00000000 0x00000000 	................
	0x00000000 0x00000000 0x00000000 0x00000000 	................
Leak: 0x7ff887700030  size=64  zone: DefaultMallocZone_0x10de13000   Enemy  C++  ft_retro
	0x0de0d1b0 0x00000001 0x00000035 0x000000c5 	........5.......
	0x00000000 0x00000000 0x00000000 0x00000000 	................
	0x00000000 0x00000000 0x00000000 0x00000000 	................
	0x00000000 0x00000000 0x00000000 0x00000000 	................
Leak: 0x7ff887700070  size=64  zone: DefaultMallocZone_0x10de13000   Enemy  C++  ft_retro
	0x0de0d1b0 0x00000001 0x00000023 0x000000c5 	........#.......
	0x00000000 0x00000000 0x00000000 0x00000000 	................
	0x00000000 0x00000000 0x00000000 0x00000000 	................
	0x00000000 0x00000000 0x00000000 0x00000000 	................
Leak: 0x7ff8877000b0  size=64  zone: DefaultMallocZone_0x10de13000   Enemy  C++  ft_retro
	0x0de0d1b0 0x00000001 0x0000002e 0x000000c5 	................
	0x00000000 0x00000000 0x00000000 0x00000000 	................
	0x00000000 0x00000000 0x00000000 0x00000000 	................
	0x00000000 0x00000000 0x00000000 0x00000000 	................
Leak: 0x7ff8877000f0  size=64  zone: DefaultMallocZone_0x10de13000   Enemy  C++  ft_retro
	0x0de0d1b0 0x00000001 0x0000001c 0x000000c5 	................
	0x00000000 0x00000000 0x00000000 0x00000000 	................
	0x00000000 0x00000000 0x00000000 0x00000000 	................
	0x00000000 0x00000000 0x00000000 0x00000000 	................
Leak: 0x7ff887700130  size=64  zone: DefaultMallocZone_0x10de13000   Enemy  C++  ft_retro
	0x0de0d1b0 0x00000001 0x00000039 0x000000c5 	........9.......
	0x00000000 0x00000000 0x00000000 0x00000000 	................
	0x00000000 0x00000000 0x00000000 0x00000000 	................
	0x00000000 0x00000000 0x00000000 0x00000000 	................
Leak: 0x7ff887700170  size=64  zone: DefaultMallocZone_0x10de13000   Enemy  C++  ft_retro
	0x0de0d1b0 0x00000001 0x0000000e 0x000000c5 	................
	0x00000000 0x00000000 0x00000000 0x00000000 	................
	0x00000000 0x00000000 0x00000000 0x00000000 	................
	0x00000000 0x00000000 0x00000000 0x00000000 	................
Leak: 0x7ff8877001b0  size=64  zone: DefaultMallocZone_0x10de13000   Enemy  C++  ft_retro
	0x0de0d1b0 0x00000001 0x0000001d 0x000000c5 	................
	0x00000000 0x00000000 0x00000000 0x00000000 	................
	0x00000000 0x00000000 0x00000000 0x00000000 	................
	0x00000000 0x00000000 0x00000000 0x00000000 	................
Leak: 0x7ff8877001f0  size=64  zone: DefaultMallocZone_0x10de13000   Enemy  C++  ft_retro
	0x0de0d1b0 0x00000001 0x0000000b 0x000000c5 	................
	0x00000000 0x00000000 0x00000000 0x00000000 	................
	0x00000000 0x00000000 0x00000000 0x00000000 	................
	0x00000000 0x00000000 0x00000000 0x00000000 	................
Leak: 0x7ff887700230  size=64  zone: DefaultMallocZone_0x10de13000   Enemy  C++  ft_retro
	0x0de0d1b0 0x00000001 0x0000000c 0x000000c5 	................
	0x00000000 0x00000000 0x00000000 0x00000000 	................
	0x00000000 0x00000000 0x00000000 0x00000000 	................
	0x00000000 0x00000000 0x00000000 0x00000000 	................
Leak: 0x7ff887700270  size=64  zone: DefaultMallocZone_0x10de13000   Enemy  C++  ft_retro
	0x0de0d1b0 0x00000001 0x00000025 0x000000c5 	........%.......
	0x00000000 0x00000000 0x00000000 0x00000000 	................
	0x00000000 0x00000000 0x00000000 0x00000000 	................
	0x00000000 0x00000000 0x00000000 0x00000000 	................
Leak: 0x7ff8877002b0  size=64  zone: DefaultMallocZone_0x10de13000   Enemy  C++  ft_retro
	0x0de0d1b0 0x00000001 0x00000007 0x000000c5 	................
	0x00000000 0x00000000 0x00000000 0x00000000 	................
	0x00000000 0x00000000 0x00000000 0x00000000 	................
	0x00000000 0x00000000 0x00000000 0x00000000 	................
Leak: 0x7ff8877002f0  size=64  zone: DefaultMallocZone_0x10de13000   Enemy  C++  ft_retro
	0x0de0d1b0 0x00000001 0x00000029 0x000000c5 	........).......
	0x00000000 0x00000000 0x00000000 0x00000000 	................
	0x00000000 0x00000000 0x00000000 0x00000000 	................
	0x00000000 0x00000000 0x00000000 0x00000000 	................
Leak: 0x7ff887700330  size=64  zone: DefaultMallocZone_0x10de13000   Enemy  C++  ft_retro
	0x0de0d1b0 0x00000001 0x00000021 0x000000c5 	........!.......
	0x00000000 0x00000000 0x00000000 0x00000000 	................
	0x00000000 0x00000000 0x00000000 0x00000000 	................
	0x00000000 0x00000000 0x00000000 0x00000000 	................
Leak: 0x7ff887700370  size=64  zone: DefaultMallocZone_0x10de13000   Enemy  C++  ft_retro
	0x0de0d1b0 0x00000001 0x00000031 0x000000c5 	........1.......
	0x00000000 0x00000000 0x00000000 0x00000000 	................
	0x00000000 0x00000000 0x00000000 0x00000000 	................
	0x00000000 0x00000000 0x00000000 0x00000000 	................
Leak: 0x7ff8877003b0  size=64  zone: DefaultMallocZone_0x10de13000   Enemy  C++  ft_retro
	0x0de0d1b0 0x00000001 0x00000032 0x000000c5 	........2.......
	0x00000000 0x00000000 0x00000000 0x00000000 	................
	0x00000000 0x00000000 0x00000000 0x00000000 	................
	0x00000000 0x00000000 0x00000000 0x00000000 	................
Leak: 0x7ff8877003f0  size=64  zone: DefaultMallocZone_0x10de13000   Enemy  C++  ft_retro
	0x0de0d1b0 0x00000001 0x0000002a 0x000000c5 	........*.......
	0x00000000 0x00000000 0x00000000 0x00000000 	................
	0x00000000 0x00000000 0x00000000 0x00000000 	................
	0x00000000 0x00000000 0x00000000 0x00000000 	................
Leak: 0x7ff887700430  size=64  zone: DefaultMallocZone_0x10de13000   Enemy  C++  ft_retro
	0x0de0d1b0 0x00000001 0x0000003a 0x000000c5 	........:.......
	0x00000000 0x00000000 0x00000000 0x00000000 	................
	0x00000000 0x00000000 0x00000000 0x00000000 	................
	0x00000000 0x00000000 0x00000000 0x00000000 	................
Leak: 0x7ff887700470  size=64  zone: DefaultMallocZone_0x10de13000   Enemy  C++  ft_retro
	0x0de0d1b0 0x00000001 0x00000036 0x000000c5 	........6.......
	0x00000000 0x00000000 0x00000000 0x00000000 	................
	0x00000000 0x00000000 0x00000000 0x00000000 	................
	0x00000000 0x00000000 0x00000000 0x00000000 	................
Leak: 0x7ff8877004b0  size=64  zone: DefaultMallocZone_0x10de13000   Enemy  C++  ft_retro
	0x0de0d1b0 0x00000001 0x00000016 0x000000c5 	................
	0x00000000 0x00000000 0x00000000 0x00000000 	................
	0x00000000 0x00000000 0x00000000 0x00000000 	................
	0x00000000 0x00000000 0x00000000 0x00000000 	................
Leak: 0x7ff8877004f0  size=64  zone: DefaultMallocZone_0x10de13000   Enemy  C++  ft_retro
	0x0de0d1b0 0x00000001 0x00000015 0x000000c5 	................
	0x00000000 0x00000000 0x00000000 0x00000000 	................
	0x00000000 0x00000000 0x00000000 0x00000000 	................
	0x00000000 0x00000000 0x00000000 0x00000000 	................
Leak: 0x7ff887700530  size=64  zone: DefaultMallocZone_0x10de13000   Enemy  C++  ft_retro
	0x0de0d1b0 0x00000001 0x00000024 0x00000000 	........$.......
	0x876000b0 0x00007ff8 0x00000000 0x00000000 	..`.............
	0x00000000 0x00000000 0x00000000 0x00000001 	................
	0x00000000 0x00000000 0x00000000 0x00000000 	................
Leak: 0x7ff887700570  size=64  zone: DefaultMallocZone_0x10de13000   Enemy  C++  ft_retro
	0x0de0d1b0 0x00000001 0x0000003b 0x00000014 	........;.......
	0x87600090 0x00007ff8 0x00000000 0x00000000 	..`.............
	0x00000000 0x00000000 0x00000000 0x00000001 	................
	0x00000000 0x00000000 0x00000000 0x00000000 	................
Leak: 0x7ff8877005b0  size=64  zone: DefaultMallocZone_0x10de13000   Enemy  C++  ft_retro
	0x0de0d1b0 0x00000001 0x00000011 0x00000028 	............(...
	0x87600090 0x00007ff8 0x00000000 0x00000000 	..`.............
	0x00000000 0x00000000 0x00000000 0x00000001 	................
	0x00000000 0x00000000 0x00000000 0x00000000 	................
Leak: 0x7ff8877005f0  size=64  zone: DefaultMallocZone_0x10de13000   Enemy  C++  ft_retro
	0x0de0d1b0 0x00000001 0x0000002d 0x0000003c 	........-...<...
	0x00000000 0x00000000 0x00000000 0x00000000 	................
	0x00000000 0x00000000 0x00000000 0x00000001 	................
	0x00000000 0x00000000 0x00000000 0x00000000 	................
Leak: 0x7ff887700630  size=64  zone: DefaultMallocZone_0x10de13000   Enemy  C++  ft_retro
	0x0de0d1b0 0x00000001 0x0000000a 0x00000050 	............P...
	0x00000000 0x00000000 0x00000000 0x00000000 	................
	0x00000000 0x00000000 0x00000000 0x00000001 	................
	0x00000000 0x00000000 0x00000000 0x00000000 	................
Leak: 0x7ff887700670  size=64  zone: DefaultMallocZone_0x10de13000   Enemy  C++  ft_retro
	0x0de0d1b0 0x00000001 0x00000037 0x00000064 	........7...d...
	0x00000000 0x00000000 0x00000000 0x00000000 	................
	0x00000000 0x00000000 0x00000000 0x00000001 	................
	0x00000000 0x00000000 0x00000000 0x00000000 	................
Leak: 0x7ff8877006b0  size=64  zone: DefaultMallocZone_0x10de13000   Enemy  C++  ft_retro
	0x0de0d1b0 0x00000001 0x00000002 0x00000078 	............x...
	0x00000000 0x00000000 0x00000000 0x00000000 	................
	0x00000000 0x00000000 0x00000000 0x00000001 	................
	0x00000000 0x00000000 0x00000000 0x00000000 	................
Leak: 0x7ff8877006f0  size=64  zone: DefaultMallocZone_0x10de13000   Enemy  C++  ft_retro
	0x0de0d1b0 0x00000001 0x00000008 0x0000008c 	................
	0x87403860 0x00007ff8 0x00000000 0x00000000 	`8@.............
	0x00000000 0x00000000 0x00000000 0x00000001 	................
	0x00000000 0x00000000 0x00000000 0x00000000 	................
Leak: 0x7ff887700730  size=64  zone: DefaultMallocZone_0x10de13000   Enemy  C++  ft_retro
	0x0de0d1b0 0x00000001 0x00000006 0x000000a0 	................
	0x00000000 0x00000000 0x00000000 0x00000000 	................
	0x00000000 0x00000000 0x00000000 0x00000001 	................
	0x00000000 0x00000000 0x00000000 0x00000000 	................
Leak: 0x7ff887700770  size=64  zone: DefaultMallocZone_0x10de13000   Enemy  C++  ft_retro
	0x0de0d1b0 0x00000001 0x00000034 0x000000b4 	........4.......
	0x00000000 0x00000000 0x00000000 0x00000000 	................
	0x00000000 0x00000000 0x00000000 0x00000001 	................
	0x00000000 0x00000000 0x00000000 0x00000000 	................
Leak: 0x7ff8877007b0  size=64  zone: DefaultMallocZone_0x10de13000   Enemy  C++  ft_retro
	0x0de0d1b0 0x00000001 0x0000001b 0x000000c5 	................
	0x00000000 0x00000000 0x00000000 0x00000000 	................
	0x00000000 0x00000000 0x00000000 0x00000000 	................
	0x00000000 0x00000000 0x00000000 0x00000000 	................
Leak: 0x7ff8877007f0  size=64  zone: DefaultMallocZone_0x10de13000   Enemy  C++  ft_retro
	0x0de0d1b0 0x00000001 0x00000028 0x000000c5 	........(.......
	0x00000000 0x00000000 0x00000000 0x00000000 	................
	0x00000000 0x00000000 0x00000000 0x00000000 	................
	0x00000000 0x00000000 0x00000000 0x00000000 	................
Leak: 0x7ff887700830  size=64  zone: DefaultMallocZone_0x10de13000   Enemy  C++  ft_retro
	0x0de0d1b0 0x00000001 0x00000004 0x000000c5 	................
	0x00000000 0x00000000 0x00000000 0x00000000 	................
	0x00000000 0x00000000 0x00000000 0x00000000 	................
	0x00000000 0x00000000 0x00000000 0x00000000 	................
Leak: 0x7ff887700870  size=64  zone: DefaultMallocZone_0x10de13000   Enemy  C++  ft_retro
	0x0de0d1b0 0x00000001 0x00000001 0x000000c5 	................
	0x00000000 0x00000000 0x00000000 0x00000000 	................
	0x00000000 0x00000000 0x00000000 0x00000000 	................
	0x00000000 0x00000000 0x00000000 0x00000000 	................
Leak: 0x7ff8877008b0  size=64  zone: DefaultMallocZone_0x10de13000   Enemy  C++  ft_retro
	0x0de0d1b0 0x00000001 0x00000022 0x000000c5 	........".......
	0x00000000 0x00000000 0x00000000 0x00000000 	................
	0x00000000 0x00000000 0x00000000 0x00000000 	................
	0x00000000 0x00000000 0x00000000 0x00000000 	................
Leak: 0x7ff8877008f0  size=64  zone: DefaultMallocZone_0x10de13000   Enemy  C++  ft_retro
	0x0de0d1b0 0x00000001 0x00000003 0x000000c5 	................
	0x00000000 0x00000000 0x00000000 0x00000000 	................
	0x00000000 0x00000000 0x00000000 0x00000000 	................
	0x00000000 0x00000000 0x00000000 0x00000000 	................
Leak: 0x7ff887700930  size=64  zone: DefaultMallocZone_0x10de13000   Enemy  C++  ft_retro
	0x0de0d1b0 0x00000001 0x0000002b 0x000000c5 	........+.......
	0x00000000 0x00000000 0x00000000 0x00000000 	................
	0x00000000 0x00000000 0x00000000 0x00000000 	................
	0x00000000 0x00000000 0x00000000 0x00000000 	................
Leak: 0x7ff887700970  size=64  zone: DefaultMallocZone_0x10de13000   Enemy  C++  ft_retro
	0x0de0d1b0 0x00000001 0x00000009 0x000000c5 	................
	0x00000000 0x00000000 0x00000000 0x00000000 	................
	0x00000000 0x00000000 0x00000000 0x00000000 	................
	0x00000000 0x00000000 0x00000000 0x00000000 	................
Leak: 0x7ff8877009b0  size=64  zone: DefaultMallocZone_0x10de13000   Enemy  C++  ft_retro
	0x0de0d1b0 0x00000001 0x00000030 0x000000c5 	........0.......
	0x00000000 0x00000000 0x00000000 0x00000000 	................
	0x00000000 0x00000000 0x00000000 0x00000000 	................
	0x00000000 0x00000000 0x00000000 0x00000000 	................
Leak: 0x7ff8877009f0  size=64  zone: DefaultMallocZone_0x10de13000   Enemy  C++  ft_retro
	0x0de0d1b0 0x00000001 0x0000001a 0x000000c5 	................
	0x00000000 0x00000000 0x00000000 0x00000000 	................
	0x00000000 0x00000000 0x00000000 0x00000000 	................
	0x00000000 0x00000000 0x00000000 0x00000000 	................
Leak: 0x7ff887700a30  size=64  zone: DefaultMallocZone_0x10de13000   Enemy  C++  ft_retro
	0x0de0d1b0 0x00000001 0x00000012 0x000000c5 	................
	0x00000000 0x00000000 0x00000000 0x00000000 	................
	0x00000000 0x00000000 0x00000000 0x00000000 	................
	0x00000000 0x00000000 0x00000000 0x00000000 	................
Leak: 0x7ff887700a70  size=64  zone: DefaultMallocZone_0x10de13000   Enemy  C++  ft_retro
	0x0de0d1b0 0x00000001 0x00000013 0x000000c5 	................
	0x00000000 0x00000000 0x00000000 0x00000000 	................
	0x00000000 0x00000000 0x00000000 0x00000000 	................
	0x00000000 0x00000000 0x00000000 0x00000000 	................
Leak: 0x7ff887700ab0  size=64  zone: DefaultMallocZone_0x10de13000   Enemy  C++  ft_retro
	0x0de0d1b0 0x00000001 0x00000013 0x000000c5 	................
	0x00000000 0x00000000 0x00000000 0x00000000 	................
	0x00000000 0x00000000 0x00000000 0x00000000 	................
	0x00000000 0x00000000 0x00000001 0x00000000 	................
Leak: 0x7ff887700af0  size=64  zone: DefaultMallocZone_0x10de13000   Enemy  C++  ft_retro
	0x0de0d1b0 0x00000001 0x0000001b 0x000000c5 	................
	0x00000000 0x00000000 0x00000000 0x00000000 	................
	0x00000000 0x00000000 0x00000000 0x00000000 	................
	0x00000000 0x00000000 0x00000000 0x00040000 	................
Leak: 0x7ff887700b30  size=64  zone: DefaultMallocZone_0x10de13000   Enemy  C++  ft_retro
	0x0de0d1b0 0x00000001 0x00000015 0x000000c5 	................
	0x00000000 0x00000000 0x00000000 0x00000000 	................
	0x00000000 0x00000000 0x00000000 0x00000000 	................
	0x00000000 0x00000000 0x00000000 0x00000000 	................
Leak: 0x7ff887700b70  size=64  zone: DefaultMallocZone_0x10de13000   Enemy  C++  ft_retro
	0x0de0d1b0 0x00000001 0x0000003b 0x000000c5 	........;.......
	0x00000000 0x00000000 0x00000000 0x00000000 	................
	0x00000000 0x00000000 0x00000000 0x00000000 	................
	0x00000000 0x00000000 0x00000000 0x00000000 	................
Leak: 0x7ff887700bb0  size=64  zone: DefaultMallocZone_0x10de13000   Enemy  C++  ft_retro
	0x0de0d1b0 0x00000001 0x00000021 0x000000c5 	........!.......
	0x00000000 0x00000000 0x00000000 0x00000000 	................
	0x00000000 0x00000000 0x00000000 0x00000000 	................
	0x00000000 0x00000000 0x00000000 0x00000000 	................
Leak: 0x7ff887700bf0  size=64  zone: DefaultMallocZone_0x10de13000   Enemy  C++  ft_retro
	0x0de0d1b0 0x00000001 0x0000001f 0x000000c5 	................
	0x00000000 0x00000000 0x00000000 0x00000000 	................
	0x00000000 0x00000000 0x00000000 0x00000000 	................
	0x00000000 0x00000000 0x00000000 0x00000000 	................
Leak: 0x7ff887700c30  size=64  zone: DefaultMallocZone_0x10de13000   Enemy  C++  ft_retro
	0x0de0d1b0 0x00000001 0x00000027 0x000000c5 	........'.......
	0x00000000 0x00000000 0x00000000 0x00000000 	................
	0x00000000 0x00000000 0x00000000 0x00000000 	................
	0x00000000 0x00000000 0x00000000 0x00000000 	................
Leak: 0x7ff887700c70  size=64  zone: DefaultMallocZone_0x10de13000   Enemy  C++  ft_retro
	0x0de0d1b0 0x00000001 0x00000005 0x000000c5 	................
	0x00000000 0x00000000 0x00000000 0x00000000 	................
	0x00000000 0x00000000 0x00000000 0x00000000 	................
	0x00000000 0x00000000 0x00000000 0x00000000 	................
Leak: 0x7ff887700cb0  size=64  zone: DefaultMallocZone_0x10de13000   Enemy  C++  ft_retro
	0x0de0d1b0 0x00000001 0x0000001a 0x000000c5 	................
	0x00000000 0x00000000 0x00000000 0x00000000 	................
	0x00000000 0x00000000 0x00000000 0x00000000 	................
	0x00000000 0x00000000 0x00000000 0x00000000 	................
Leak: 0x7ff887700cf0  size=64  zone: DefaultMallocZone_0x10de13000   Enemy  C++  ft_retro
	0x0de0d1b0 0x00000001 0x00000034 0x000000c5 	........4.......
	0x00000000 0x00000000 0x00000000 0x00000000 	................
	0x00000000 0x00000000 0x00000000 0x00000000 	................
	0x00000000 0x00000000 0x00000000 0x00000000 	................
Leak: 0x7ff887700d30  size=64  zone: DefaultMallocZone_0x10de13000   Enemy  C++  ft_retro
	0x0de0d1b0 0x00000001 0x00000010 0x000000c5 	................
	0x00000000 0x00000000 0x00000000 0x00000000 	................
	0x00000000 0x00000000 0x00000000 0x00000000 	................
	0x00000000 0x00000000 0x00000000 0x00000000 	................
Leak: 0x7ff887700d70  size=64  zone: DefaultMallocZone_0x10de13000   Enemy  C++  ft_retro
	0x0de0d1b0 0x00000001 0x0000002f 0x000000c5 	......../.......
	0x00000000 0x00000000 0x00000000 0x00000000 	................
	0x00000000 0x00000000 0x00000000 0x00000000 	................
	0x00000000 0x00000000 0x00000000 0x00000000 	................
Leak: 0x7ff887700db0  size=64  zone: DefaultMallocZone_0x10de13000   Enemy  C++  ft_retro
	0x0de0d1b0 0x00000001 0x00000017 0x000000c5 	................
	0x00000000 0x00000000 0x00000000 0x00000000 	................
	0x00000000 0x00000000 0x00000000 0x00000000 	................
	0x00000000 0x00000000 0x00000000 0x00000000 	................
Leak: 0x7ff887700df0  size=64  zone: DefaultMallocZone_0x10de13000   Enemy  C++  ft_retro
	0x0de0d1b0 0x00000001 0x00000003 0x000000c5 	................
	0x00000000 0x00000000 0x00000000 0x00000000 	................
	0x00000000 0x00000000 0x00000000 0x00000000 	................
	0x00000000 0x00000000 0x00000000 0x00000000 	................
Leak: 0x7ff887700e30  size=64  zone: DefaultMallocZone_0x10de13000   Enemy  C++  ft_retro
	0x0de0d1b0 0x00000001 0x00000009 0x000000c5 	................
	0x00000000 0x00000000 0x00000000 0x00000000 	................
	0x00000000 0x00000000 0x00000000 0x00000000 	................
	0x00000000 0x00000000 0x00000000 0x00000000 	................
Leak: 0x7ff887700e70  size=64  zone: DefaultMallocZone_0x10de13000   Enemy  C++  ft_retro
	0x0de0d1b0 0x00000001 0x00000036 0x000000c5 	........6.......
	0x00000000 0x00000000 0x00000000 0x00000000 	................
	0x00000000 0x00000000 0x00000000 0x00000000 	................
	0x00000000 0x00000000 0x00000000 0x00000000 	................
Leak: 0x7ff887700eb0  size=64  zone: DefaultMallocZone_0x10de13000   Enemy  C++  ft_retro
	0x0de0d1b0 0x00000001 0x00000024 0x000000c5 	........$.......
	0x00000000 0x00000000 0x00000000 0x00000000 	................
	0x00000000 0x00000000 0x00000000 0x00000000 	................
	0x00000000 0x00000000 0x00000000 0x00000000 	................
Leak: 0x7ff887700ef0  size=64  zone: DefaultMallocZone_0x10de13000   Enemy  C++  ft_retro
	0x0de0d1b0 0x00000001 0x0000000f 0x000000c5 	................
	0x00000000 0x00000000 0x00000000 0x00000000 	................
	0x00000000 0x00000000 0x00000000 0x00000000 	................
	0x00000000 0x00000000 0x00000000 0x00000000 	................
Leak: 0x7ff887700f30  size=64  zone: DefaultMallocZone_0x10de13000   Enemy  C++  ft_retro
	0x0de0d1b0 0x00000001 0x00000008 0x000000c5 	................
	0x00000000 0x00000000 0x00000000 0x00000000 	................
	0x00000000 0x00000000 0x00000000 0x00000000 	................
	0x00000000 0x00000000 0x00000000 0x00000000 	................
Leak: 0x7ff887700f70  size=64  zone: DefaultMallocZone_0x10de13000   Enemy  C++  ft_retro
	0x0de0d1b0 0x00000001 0x00000032 0x000000c5 	........2.......
	0x00000000 0x00000000 0x00000000 0x00000000 	................
	0x00000000 0x00000000 0x00000000 0x00000000 	................
	0x00000000 0x00000000 0x00000000 0x00000000 	................
Leak: 0x7ff887700fb0  size=64  zone: DefaultMallocZone_0x10de13000   Enemy  C++  ft_retro
	0x0de0d1b0 0x00000001 0x00000007 0x000000c5 	................
	0x00000000 0x00000000 0x00000000 0x00000000 	................
	0x00000000 0x00000000 0x00000000 0x00000000 	................
	0x00000000 0x00000000 0x00000000 0x00000000 	................
Leak: 0x7ff887700ff0  size=64  zone: DefaultMallocZone_0x10de13000   Enemy  C++  ft_retro
	0x0de0d1b0 0x00000001 0x00000016 0x000000c5 	................
	0x00000000 0x00000000 0x00000000 0x00000000 	................
	0x00000000 0x00000000 0x00000000 0x00000000 	................
	0x00000000 0x00000000 0x00000000 0x00000000 	................
Leak: 0x7ff887701030  size=64  zone: DefaultMallocZone_0x10de13000   Enemy  C++  ft_retro
	0x0de0d1b0 0x00000001 0x00000025 0x000000c5 	........%.......
	0x00000000 0x00000000 0x00000000 0x00000000 	................
	0x00000000 0x00000000 0x00000000 0x00000000 	................
	0x00000000 0x00000000 0x00000000 0x00000000 	................
Leak: 0x7ff887701070  size=64  zone: DefaultMallocZone_0x10de13000   Enemy  C++  ft_retro
	0x0de0d1b0 0x00000001 0x00000018 0x000000c5 	................
	0x00000000 0x00000000 0x00000000 0x00000000 	................
	0x00000000 0x00000000 0x00000000 0x00000000 	................
	0x00000000 0x00000000 0x00000000 0x00000000 	................
Leak: 0x7ff8877010b0  size=64  zone: DefaultMallocZone_0x10de13000   Enemy  C++  ft_retro
	0x0de0d1b0 0x00000001 0x0000000c 0x000000c5 	................
	0x00000000 0x00000000 0x00000000 0x00000000 	................
	0x00000000 0x00000000 0x00000000 0x00000000 	................
	0x00000000 0x00000000 0x00000000 0x00000000 	................
Leak: 0x7ff8877010f0  size=64  zone: DefaultMallocZone_0x10de13000   Enemy  C++  ft_retro
	0x0de0d1b0 0x00000001 0x00000001 0x000000c5 	................
	0x00000000 0x00000000 0x00000000 0x00000000 	................
	0x00000000 0x00000000 0x00000000 0x00000000 	................
	0x00000000 0x00000000 0x00000000 0x00000000 	................
Leak: 0x7ff887701130  size=64  zone: DefaultMallocZone_0x10de13000   Enemy  C++  ft_retro
	0x0de0d1b0 0x00000001 0x00000037 0x000000c5 	........7.......
	0x00000000 0x00000000 0x00000000 0x00000000 	................
	0x00000000 0x00000000 0x00000000 0x00000000 	................
	0x00000000 0x00000000 0x00000000 0x00000000 	................
Leak: 0x7ff887701170  size=64  zone: DefaultMallocZone_0x10de13000   Enemy  C++  ft_retro
	0x0de0d1b0 0x00000001 0x00000006 0x000000c5 	................
	0x00000000 0x00000000 0x00000000 0x00000000 	................
	0x00000000 0x00000000 0x00000000 0x00000000 	................
	0x00000000 0x00000000 0x00000000 0x00000000 	................
Leak: 0x7ff8877011b0  size=64  zone: DefaultMallocZone_0x10de13000   Enemy  C++  ft_retro
	0x0de0d1b0 0x00000001 0x0000000d 0x000000c5 	................
	0x00000000 0x00000000 0x00000000 0x00000000 	................
	0x00000000 0x00000000 0x00000000 0x00000000 	................
	0x00000000 0x00000000 0x00000000 0x00000000 	................
Leak: 0x7ff8877011f0  size=64  zone: DefaultMallocZone_0x10de13000   Enemy  C++  ft_retro
	0x0de0d1b0 0x00000001 0x00000035 0x000000c5 	........5.......
	0x00000000 0x00000000 0x00000000 0x00000000 	................
	0x00000000 0x00000000 0x00000000 0x00000000 	................
	0x00000000 0x00000000 0x00000000 0x00000000 	................
Leak: 0x7ff887701230  size=64  zone: DefaultMallocZone_0x10de13000   Enemy  C++  ft_retro
	0x0de0d1b0 0x00000001 0x00000022 0x0000001b 	........".......
	0x87600070 0x00007ff8 0x00000000 0x00000000 	p.`.............
	0x00000000 0x00000000 0x00000000 0x00000001 	................
	0x00000000 0x00000000 0x00000000 0x00000000 	................
Leak: 0x7ff887701270  size=64  zone: DefaultMallocZone_0x10de13000   Enemy  C++  ft_retro
	0x0de0d1b0 0x00000001 0x0000002b 0x00000034 	........+...4...
	0x87600070 0x00007ff8 0x00000000 0x00000000 	p.`.............
	0x00000000 0x00000000 0x00000000 0x00000001 	................
	0x00000000 0x00000000 0x00000000 0x00000000 	................
Leak: 0x7ff8877012b0  size=64  zone: DefaultMallocZone_0x10de13000   Enemy  C++  ft_retro
	0x0de0d1b0 0x00000001 0x00000012 0x0000004d 	............M...
	0x00000000 0x00000000 0x00000000 0x00000000 	................
	0x00000000 0x00000000 0x00000000 0x00000001 	................
	0x00000000 0x00000000 0x00000000 0x00000000 	................
Leak: 0x7ff8877012f0  size=64  zone: DefaultMallocZone_0x10de13000   Enemy  C++  ft_retro
	0x0de0d1b0 0x00000001 0x00000014 0x00000066 	............f...
	0x876000a0 0x00007ff8 0x00000000 0x00000000 	..`.............
	0x00000000 0x00000000 0x00000000 0x00000001 	................
	0x00000000 0x00000000 0x00000000 0x00000000 	................
Leak: 0x7ff887701330  size=64  zone: DefaultMallocZone_0x10de13000   Enemy  C++  ft_retro
	0x0de0d1b0 0x00000001 0x0000002c 0x0000007f 	........,.......
	0x876000a0 0x00007ff8 0x00000000 0x00000000 	..`.............
	0x00000000 0x00000000 0x00000000 0x00000001 	................
	0x00000000 0x00000000 0x00000000 0x00000000 	................
Leak: 0x7ff887701370  size=64  zone: DefaultMallocZone_0x10de13000   Enemy  C++  ft_retro
	0x0de0d1b0 0x00000001 0x00000011 0x00000098 	................
	0x00000000 0x00000000 0x00000000 0x00000000 	................
	0x00000000 0x00000000 0x00000000 0x00000001 	................
	0x00000000 0x00000000 0x00000000 0x00000000 	................
Leak: 0x7ff8877013b0  size=64  zone: DefaultMallocZone_0x10de13000   Enemy  C++  ft_retro
	0x0de0d1b0 0x00000001 0x00000023 0x000000b1 	........#.......
	0x00000000 0x00000000 0x00000000 0x00000000 	................
	0x00000000 0x00000000 0x00000000 0x00000001 	................
	0x00000000 0x00000000 0x00000000 0x00000000 	................
Leak: 0x7ff8877013f0  size=64  zone: DefaultMallocZone_0x10de13000   Enemy  C++  ft_retro
	0x0de0d1b0 0x00000001 0x00000038 0x000000c5 	........8.......
	0x00000000 0x00000000 0x00000000 0x00000000 	................
	0x00000000 0x00000000 0x00000000 0x00000000 	................
	0x00000000 0x00000000 0x00000000 0x00000000 	................
Leak: 0x7ff887701430  size=64  zone: DefaultMallocZone_0x10de13000   Enemy  C++  ft_retro
	0x0de0d1b0 0x00000001 0x0000000e 0x000000c5 	................
	0x00000000 0x00000000 0x00000000 0x00000000 	................
	0x00000000 0x00000000 0x00000000 0x00000000 	................
	0x00000000 0x00000000 0x00000000 0x00000000 	................
Leak: 0x7ff887701470  size=64  zone: DefaultMallocZone_0x10de13000   Enemy  C++  ft_retro
	0x0de0d1b0 0x00000001 0x0000001e 0x000000c5 	................
	0x00000000 0x00000000 0x00000000 0x00000000 	................
	0x00000000 0x00000000 0x00000000 0x00000000 	................
	0x00000000 0x00000000 0x00000000 0x00000000 	................
Leak: 0x7ff8877014b0  size=64  zone: DefaultMallocZone_0x10de13000   Enemy  C++  ft_retro
	0x0de0d1b0 0x00000001 0x00000030 0x000000c5 	........0.......
	0x00000000 0x00000000 0x00000000 0x00000000 	................
	0x00000000 0x00000000 0x00000000 0x00000000 	................
	0x00000000 0x00000000 0x00000000 0x00000000 	................
Leak: 0x7ff8877014f0  size=64  zone: DefaultMallocZone_0x10de13000   Enemy  C++  ft_retro
	0x0de0d1b0 0x00000001 0x00000004 0x000000c5 	................
	0x00000000 0x00000000 0x00000000 0x00000000 	................
	0x00000000 0x00000000 0x00000000 0x00000000 	................
	0x00000000 0x00000000 0x00000000 0x00000000 	................
